  911  mkdir Assignment2
  912  touch Assignment2/.placeholder
  913  git commit -m "1st commit for Assignment 1"
  914  git add Assignment2/.placeholder
  915  git commit -m "1st commit, empty assignment2 directory"
  916  git push origin master
  917  cd Assignment2
  948  touch Assignment2.txt

  949  find /etc -type f > one.txt 2> two.txt  ------------- > COMMAND USED for QUESTION #1

  950  ls
  972  cut -d ',' -f 18,19 'Global YouTube Statistics.csv' | sort | uniq -c | sort -nr | head -3 >> Assignment2.txt
  973  vi Assignment2.txt
  974  rm -rf Assignment2.txt
  975  touch Assignment2.txt
  978  vi 'Global YouTube Statistics.csv'
  979  rm -rf Assignmnet2.txt
  980  touch Assignment2.txt
  987  cut -d ',' -f 19,20 'Global YouTube Statistics.csv' | sort | uniq -c | sort -nr | head -3 >> Assignment2.txt
  988  vi Assignment2.txt
  989  rm -rf Assignmnet2.txt
  990  ls
  994  touch Assignmnet2.txt
  997  ls

  999  cat one.txt ---------------> COMMAND USED for QUESTION #1 part B
 1000  cat two.txt ---------------> COMMAND USED for QUESTION #1 part B

 1001  cut -d',' -f20-21 'Global YouTube Statistics.csv' | sort | uniq -ci
 1002  cut -d',' -f20-21 'Global YouTube Statistics.csv' | sort | uniq -ci | sort -nr | head -3

 1003  cut -d',' -f20-21 'Global YouTube Statistics.csv' | sort | uniq -ci | sort -nr | head -3 >> Assignment2.txt ------------- > COMMAND USED for QUESTION #2

 1006  ps -u brendanf23 >> Assignment2.txt  ------------- > COMMAND USED for QUESTION #3

 1007  vi Assignment2.txt

 1008  vi file.txt ------------------------ > COMMAND USED for QUESTION #4

 1009  vi Assignment2.txt
 1010  ps aux | grep systemd

 1011  ps aux | grep systemd >> Assignment2.txt ------------> COMMAND USED for QUESTION #5

 1012  vi Assignment2.txt 

 1013  ps aux  --------------------------- > COMMAND USED for QUESTION #6

 1022  touch ps.aux.command.txt
 1023  ps aux >> ps.aux.command.txt
 1024  vi Assignment2.txt
 1029  history > cmds.log
 1030  history | tail -n 250 > cmds.log
