    1  studnet
    2  passwd
    3  ping 172.20.25.9
    4  wget http://www.github.com/
    5  wget www.github.com
    6  cd ~/Desktop
    7  wget www.github.com
    8  cd ~/Desktop
    9  cd Desktop
   10  cd CS 131
   11  cd CS131
   12  cd Python
   13  cd /Desktop
   14  cd ~/Desktop
   15  cd ~/CS131
   16  sudo dnf install git-all
   17  cd /Desktop
   18  cd ~/Desktop
   19  mkdir cs131
   20  cd cs131/
   21  git init
   22  touch bdishion.txt
   23  ls
   24  bdishion.txt
   25  git status
   26  git add bdishion.txt
   27  git status
   28  git commit -m
   29  git commit -m "This is my first commit"
   30  git config --global user.name "Brendan"
   31  git config --global user.email "brendan.dishion@sjsu.edu"
   32  git commit -m "This is my first commit"
   33  git checkout -b New branch
   34  git checkout -b branch2
   35  git branch
   36  git remote add origin https://github.com/bdishionn/cs131.git
   37  git push -u origin master
   38  gh auth login
   39  git push -u origin master
   40  git push -u master
   41  git push -u origin master
   42  git push -m origin master
   43  git push -u origin master
   44  git push origin branch2
   45  git pulll origin master
   46  git pull origin master
   47  git log
   48  history > cmds.log
   49  wget www.github.com
   50  history > cmds.log
   51  git add cmds.log
   52  git add .
   53  wget www.github.com
   54  history > cmds.log
   55  git add cmds.log
   56  cd cs131
   57  git add cmds.log
   58  git commit -m "Added command history log file to repo"
   59  git push -u origin master
   60  git pull origin master
   61  wget www.github.com
   62  cd CS131
   63  cd /CS131
   64  wget www.github.com
   65  cd cs131
   66  history > cmds.log
   67  git add cmds.log
   68  git commit -m "cmds.log"
   69  git push origin Worksheet1
   70  git push origin master
   71  wget www.github.com
   72  cd cs131
   73  history > cmds.log
   74  git add cmds.log
   75  git commit -m "cmds.log"
   76  git push origin master
   77  Updates were rejected because a pushed branch tip is behind its remote
   78  hint: counterpart. Check out this branch and integrate the remote changes
   79  hint: (e.g. 'git pull ...') before pushing again.
   80  hint: See the 'Note about fast-forwards' in 'git push --help' for details.
   81  git pull origin master
   82  git config pull.ff 
   83  git push origin master
   84  wget www.github.com
   85  cd cs131
   86  history > cmds.logs
   87  git add cmds.logs
   88  git commit -m "cmds.log"
   89  git pull
   90  git push origin master
   91  git checkout master
   92  git pull origin master
   93  git merge origin/master
   94  git push origin master
   95  wget www.github.com
   96  cd cs131
   97  history > cmds.log
   98  git add cmds.log
   99  git commit -m "cmds.log"
  100  git pull
  101  git pull origin cmds.log
  102  git pull origin master
  103  git confif pull.rebase false
  104  git congig pull.rebase false
  105  git config pull.rebase false
  106  git pull origin master
  107  git push origin master
  108  wget www.github.com
  109  cd cs131
  110  history > cmds.log
  111  wget www.gethub.com
  112  wget www.github.com
  113  cd cs131
  114  cd Worksheet1
  115  history > cmds.log
