cd cs131
mkdir Assignment3
ls
touch Assignment3/.placeholder
git add Assignment3/.placeholder
git commit -m "First commit for Assignment 3, empty placeholder file"
git push origin master

wc -l last.fake  ----------------------------> TASK #1, PART 1
grep 'f23' last.fake > lastf23.fake  --------> TASK #1, PART 2
wc -l lastf23.fake  -------------------------> TASK #1, PART 3

grep 'Sun' lastf23.fake | awk '{print $1}' | sort | uniq | awk  -------------------> TASK #2 
'BEGIN {print "The list of people who worked on Sunday are:"} {print} END  
{print "Kudos to these people for putting in the work"}' >> Assignment3.txt 

awk '$4 >= "23:" || $4 <= "04:" {print $1}' lastf23.fake | sort | uniq | awk  ------------> TASK #3
 'BEGIN {print "Night Owls List:"} {print} END {print "Night Owls are dope.
 Please ensure you get enough sleep though."}' >> Assignment3.txt

awk '$4 >= "05:" && $4 <= "09:" {print $1}' lastf23.fake | sort | uniq | awk  ------------> TASK #4
 'BEGIN {print "Early Birds List:"} {print} END {print "Early Birds are dope. 
Please ensure you get enough sleep though."}' >> Assignment3.txt

awk '$1 ~ /^t/ {print $1}' lastf23.fake | sort | uniq | awk 'BEGIN  -------------> TASK #5
 {print "Users with usernames starting with \"t\": "} {print}
 END {print "End of list."}' >> Assignment3.txt
   
awk -F: '$1 ~ /^a/ && $3 % 2 == 0 {print $1}' passwd.fake  -----------------------> TASK #6 
| awk 'BEGIN {print "Users with usernames starting with \"a\"  
and UID divisible by 2: "} {print} END {print "End of list."}' >> Assignment3.txt  
    
sed 's/[a-zA-Z0-9 ]//g' passwd.fake | sort -u >> Assignment3.txt  -----------> TASK #7

history | tail -n 200 > cmds.log
