  985  mkdir Worksheet5
  986  touch Worksheet5/.placeholder
  988  git add Worksheet5/.placeholder
  989  git commit -m "First commit WS5, placeholder file which is empty"
 1004  git status
 1005  cd Worksheet5
 1006  wget https://raw.githubusercontent.com/khanchandaniashish/CS131/main/Global%20YouTube%20Statistics.csv
 1007  ls
 1008  vi script.sh
 1009  ./script.sh
 1010  vi script.sh
 1011  chmod u+rx script.sh
 1012  ./script.sh
 1013  vi script.sh
 1014  ./script.sh
 1015  ls
 1016  vi script.sh
 1017  ./script.sh
 1018  mkdir United States
 1019  ls
 1020  rm -rf United States
 1021  mkdir "United States"
 1022  ls
 1023  rm -rf 'United States'
 1024  ls
 1025  mkdir 'United States'
 1026  ls
 1027  rm -rf 'United States'
 1028  ls
 1029  vi script.sh
 1030  ./script.sh
 1031  ls
 1032  cd Worksheet5
 1033  ls
 1034  cd 'United States'
 1035  ls
 1036  vi Comedy.txt
 1037  cd Worksheet5
 1038  cd ..
 1039  cd..
 1040  cd ..
 1041  ls
 1042  rm -rf Worksheet5
 1043  ls
 1044  vi script.sh
 1045  ./script.sh
 1046  ls
 1047  rm -rf 'Worksheet 5'
 1048  vi script.sh
 1049  ./script.sh
 1050  ls
 1051  cd Worksheet5
 1052  ls
 1053  cd ..
 1054  cd Worksheet5
 1055  ls
 1056  rm -rf Worksheet5
 1057  ls
 1058  vi ws5.txt
 1059  rm -rf ws5.txt
 1060  vi script.sh
 1061  ./script.sh
 1062  ls
 1063  rm -rf ws5.txt Worksheet5
 1064  ls
 1065  vi script.sh
 1066  ./script.sh
 1067  ls
 1068  rm -rf cs131 ws5.txt
 1069  ls
 1070  vi script.sh
 1071  ./script.sh
 1072  ls
 1073  vi script.sh
 1074  rm -rf 'United States' ws5.txt
 1075  ls
 1076  vi script.sh
 1077  ./script.sh
 1078  ls
 1079  cd 'United States'
 1080  ls
 1081  cd ..
 1082  vi ws5.txt
 1083  ls
 1084  rm -rf 'United States' ws5.txt
 1085  ls
 1086  vi script.sh
 1087  ./script.sh
 1088  ls
 1089  vi ws5.txt
 1090  cd 'United States'
 1091  ls
 1092  vi Comedy.txt
 1093  cd ..
 1094  rm -rf 'United States' ws5.txt
 1095  vi 'Global YouTube Statistics.csv'
 1096  ls
 1097  vi script.sh
 1098  mkdir "United States"
 1099  ls
 1100  vi script.sh
 1101  ./script.sh
 1102  ls
 1103  cat ws5.txt
 1104  vi 'Global YouTube Statistics.csv'
 1105  rm -rf ws5.txt
 1106  vi script.sh
 1107  ls
 1108  ./script.sh
 1109  ls'
 1110  ls
 1111  cat ws5.txt
 1112  cd 'United States'
 1113  ls
 1114  vi Comedy.txt
 1115  cd ..
 1116  vi script.sh
 1117  history | tail -n 250 > cmds.log
